Build started 11/7/2014 11:20:22 AM.
     1>Project "C:\Users\plant_000\Desktop\CS 33\labs\lab2 destroy stack\lab2 destroy stack\lab2 destroy stack.vcxproj" on node 2 (Build target(s)).
     1>ClCompile:
         C:\Program Files (x86)\Microsoft Visual Studio 12.0\VC\bin\CL.exe /c /ZI /nologo /W3 /WX- /sdl /Od /Oy- /D WIN32 /D _DEBUG /D _CONSOLE /D _LIB /D _UNICODE /D UNICODE /Gm /EHsc /RTC1 /MDd /GS /fp:precise /Zc:wchar_t /Zc:forScope /Fo"Debug\\" /Fd"Debug\vc120.pdb" /Gd /TP /analyze- /errorReport:prompt Source.cpp
         Source.cpp
     1>c:\users\plant_000\desktop\cs 33\labs\lab2 destroy stack\lab2 destroy stack\source.cpp(59): warning C4309: 'argument' : truncation of constant value
     1>c:\users\plant_000\desktop\cs 33\labs\lab2 destroy stack\lab2 destroy stack\source.cpp(60): warning C4309: 'argument' : truncation of constant value
     1>c:\users\plant_000\desktop\cs 33\labs\lab2 destroy stack\lab2 destroy stack\source.cpp(61): warning C4309: 'argument' : truncation of constant value
     1>c:\users\plant_000\desktop\cs 33\labs\lab2 destroy stack\lab2 destroy stack\source.cpp(82): warning C4309: 'argument' : truncation of constant value
     1>c:\users\plant_000\desktop\cs 33\labs\lab2 destroy stack\lab2 destroy stack\source.cpp(83): warning C4309: 'argument' : truncation of constant value
     1>c:\users\plant_000\desktop\cs 33\labs\lab2 destroy stack\lab2 destroy stack\source.cpp(84): warning C4309: 'argument' : truncation of constant value
     1>c:\users\plant_000\desktop\cs 33\labs\lab2 destroy stack\lab2 destroy stack\source.cpp(103): warning C4309: 'argument' : truncation of constant value
     1>c:\users\plant_000\desktop\cs 33\labs\lab2 destroy stack\lab2 destroy stack\source.cpp(104): warning C4309: 'argument' : truncation of constant value
     1>c:\users\plant_000\desktop\cs 33\labs\lab2 destroy stack\lab2 destroy stack\source.cpp(105): warning C4309: 'argument' : truncation of constant value
       Link:
         C:\Program Files (x86)\Microsoft Visual Studio 12.0\VC\bin\link.exe /ERRORREPORT:PROMPT /OUT:"C:\Users\plant_000\Desktop\CS 33\labs\lab2 destroy stack\Debug\lab2 destroy stack.exe" /INCREMENTAL /NOLOGO kernel32.lib user32.lib gdi32.lib winspool.lib comdlg32.lib advapi32.lib shell32.lib ole32.lib oleaut32.lib uuid.lib odbc32.lib odbccp32.lib /MANIFEST /MANIFESTUAC:"level='asInvoker' uiAccess='false'" /manifest:embed /DEBUG /PDB:"C:\Users\plant_000\Desktop\CS 33\labs\lab2 destroy stack\Debug\lab2 destroy stack.pdb" /SUBSYSTEM:CONSOLE /TLBID:1 /DYNAMICBASE /NXCOMPAT /IMPLIB:"C:\Users\plant_000\Desktop\CS 33\labs\lab2 destroy stack\Debug\lab2 destroy stack.lib" /MACHINE:X86 Debug\Source.obj
         lab2 destroy stack.vcxproj -> C:\Users\plant_000\Desktop\CS 33\labs\lab2 destroy stack\Debug\lab2 destroy stack.exe
     1>Done Building Project "C:\Users\plant_000\Desktop\CS 33\labs\lab2 destroy stack\lab2 destroy stack\lab2 destroy stack.vcxproj" (Build target(s)).

Build succeeded.

Time Elapsed 00:00:00.55
