Build started 11/7/2014 12:46:47 PM.
     1>Project "C:\Users\plant_000\Desktop\CS 33\labs\lab2 destroy stack\lab2 destroy stack\lab2 destroy stack.vcxproj" on node 2 (Build target(s)).
     1>ClCompile:
         C:\Program Files (x86)\Microsoft Visual Studio 12.0\VC\bin\CL.exe /c /Zi /nologo /W3 /WX- /sdl /O2 /Oi /Oy- /GL /D WIN32 /D NDEBUG /D _CONSOLE /D _LIB /D _UNICODE /D UNICODE /Gm- /EHsc /MD /GS /Gy /fp:precise /Zc:wchar_t /Zc:forScope /Fo"Release\\" /Fd"Release\vc120.pdb" /Gd /TP /analyze- /errorReport:prompt Source.cpp
         Source.cpp
     1>Source.cpp(57): warning C4309: 'argument' : truncation of constant value
     1>Source.cpp(58): warning C4309: 'argument' : truncation of constant value
     1>Source.cpp(59): warning C4309: 'argument' : truncation of constant value
     1>Source.cpp(80): warning C4309: 'argument' : truncation of constant value
     1>Source.cpp(81): warning C4309: 'argument' : truncation of constant value
     1>Source.cpp(82): warning C4309: 'argument' : truncation of constant value
     1>Source.cpp(101): warning C4309: 'argument' : truncation of constant value
     1>Source.cpp(102): warning C4309: 'argument' : truncation of constant value
     1>Source.cpp(103): warning C4309: 'argument' : truncation of constant value
       Link:
         C:\Program Files (x86)\Microsoft Visual Studio 12.0\VC\bin\link.exe /ERRORREPORT:PROMPT /OUT:"C:\Users\plant_000\Desktop\CS 33\labs\lab2 destroy stack\Release\lab2 destroy stack.exe" /INCREMENTAL:NO /NOLOGO kernel32.lib user32.lib gdi32.lib winspool.lib comdlg32.lib advapi32.lib shell32.lib ole32.lib oleaut32.lib uuid.lib odbc32.lib odbccp32.lib /MANIFEST /MANIFESTUAC:"level='asInvoker' uiAccess='false'" /manifest:embed /DEBUG /PDB:"C:\Users\plant_000\Desktop\CS 33\labs\lab2 destroy stack\Release\lab2 destroy stack.pdb" /SUBSYSTEM:CONSOLE /OPT:REF /OPT:ICF /LTCG /TLBID:1 /DYNAMICBASE /NXCOMPAT /IMPLIB:"C:\Users\plant_000\Desktop\CS 33\labs\lab2 destroy stack\Release\lab2 destroy stack.lib" /MACHINE:X86 /SAFESEH Release\Source.obj
         Generating code
         Finished generating code
         lab2 destroy stack.vcxproj -> C:\Users\plant_000\Desktop\CS 33\labs\lab2 destroy stack\Release\lab2 destroy stack.exe
     1>Done Building Project "C:\Users\plant_000\Desktop\CS 33\labs\lab2 destroy stack\lab2 destroy stack\lab2 destroy stack.vcxproj" (Build target(s)).

Build succeeded.

Time Elapsed 00:00:01.32
